[21:55:43] [Server thread/INFO]: Starting minecraft server version 1.12.2
[21:55:43] [Server thread/INFO]: Loading properties
[21:55:43] [Server thread/INFO]: Default game type: SURVIVAL
[21:55:43] [Server thread/INFO]: Generating keypair
[21:55:43] [Server thread/INFO]: Starting Minecraft server on *:25565
[21:55:43] [Server thread/INFO]: Using epoll channel type
[21:55:43] [Server thread/INFO]: Preparing level "world"
[21:55:44] [Server thread/INFO]: Loaded 488 advancements
[21:55:44] [Server thread/INFO]: Preparing start region for level 0
[21:55:45] [Server thread/INFO]: Preparing spawn area: 12%
[21:55:46] [Server thread/INFO]: Preparing spawn area: 28%
[21:55:47] [Server thread/INFO]: Preparing spawn area: 48%
[21:55:48] [Server thread/INFO]: Preparing spawn area: 71%
[21:55:49] [Server thread/INFO]: Preparing spawn area: 96%
[21:55:49] [Server thread/INFO]: Done (6.130s)! For help, type "help" or "?"
[21:55:49] [Server thread/INFO]: Starting remote control listener
[21:55:49] [RCON Listener #1/INFO]: RCON running on 0.0.0.0:25575
[21:56:05] [RCON Listener #1/INFO]: Rcon connection from: /0:0:0:0:0:0:0:1
[21:56:05] [RCON Client #2/INFO]: [Rcon: Stopping the server]
[21:56:05] [Server thread/INFO]: Stopping server
[21:56:05] [Server thread/INFO]: Saving players
[21:56:05] [Server thread/INFO]: Saving worlds
[21:56:05] [Server thread/INFO]: Saving chunks for level 'world'/overworld
[21:56:06] [Server thread/INFO]: Saving chunks for level 'world'/the_nether
[21:56:06] [Server thread/INFO]: Saving chunks for level 'world'/the_end
[21:56:07] [Server Shutdown Thread/INFO]: Stopping server
